# JRE version: Java(TM) SE Runtime Environment (8.0_181-b13) (build 1.8.0_181-b13)
# Java VM: Java HotSpot(TM) 64-Bit Server VM (25.181-b13 mixed mode windows-amd64 compressed oops)
Heap:
 PSYoungGen      total 257536K, used 126390K [0x00000000eb200000, 0x00000000fbf80000, 0x0000000100000000)
  eden space 242176K, 52% used [0x00000000eb200000,0x00000000f2d6da08,0x00000000f9e80000)
  from space 15360K, 0% used [0x00000000fb080000,0x00000000fb080000,0x00000000fbf80000)
  to   space 16896K, 0% used [0x00000000f9e80000,0x00000000f9e80000,0x00000000faf00000)
 ParOldGen       total 93696K, used 42488K [0x00000000c1600000, 0x00000000c7180000, 0x00000000eb200000)
  object space 93696K, 45% used [0x00000000c1600000,0x00000000c3f7e3d8,0x00000000c7180000)
 Metaspace       used 61987K, capacity 64350K, committed 64512K, reserved 1103872K
  class space    used 8659K, capacity 9095K, committed 9216K, reserved 1048576K
GC Heap History (10 events):
Event: 10.286 GC heap before
{Heap before GC invocations=13 (full 2):
 PSYoungGen      total 150528K, used 3088K [0x00000000eb200000, 0x00000000f8200000, 0x0000000100000000)
  eden space 135680K, 0% used [0x00000000eb200000,0x00000000eb200000,0x00000000f3680000)
  from space 14848K, 20% used [0x00000000f3680000,0x00000000f3984020,0x00000000f4500000)
  to   space 14848K, 0% used [0x00000000f7380000,0x00000000f7380000,0x00000000f8200000)
 ParOldGen       total 31232K, used 23753K [0x00000000c1600000, 0x00000000c3480000, 0x00000000eb200000)
  object space 31232K, 76% used [0x00000000c1600000,0x00000000c2d32740,0x00000000c3480000)
 Metaspace       used 34153K, capacity 35422K, committed 35496K, reserved 1079296K
  class space    used 4585K, capacity 4849K, committed 4864K, reserved 1048576K
Event: 10.384 GC heap after
Heap after GC invocations=13 (full 2):
 PSYoungGen      total 150528K, used 0K [0x00000000eb200000, 0x00000000f8200000, 0x0000000100000000)
  eden space 135680K, 0% used [0x00000000eb200000,0x00000000eb200000,0x00000000f3680000)
  from space 14848K, 0% used [0x00000000f3680000,0x00000000f3680000,0x00000000f4500000)
  to   space 14848K, 0% used [0x00000000f7380000,0x00000000f7380000,0x00000000f8200000)
 ParOldGen       total 56832K, used 18666K [0x00000000c1600000, 0x00000000c4d80000, 0x00000000eb200000)
  object space 56832K, 32% used [0x00000000c1600000,0x00000000c283a828,0x00000000c4d80000)
 Metaspace       used 34153K, capacity 35422K, committed 35496K, reserved 1079296K
  class space    used 4585K, capacity 4849K, committed 4864K, reserved 1048576K
}
Event: 11.830 GC heap before
{Heap before GC invocations=14 (full 2):
 PSYoungGen      total 150528K, used 135639K [0x00000000eb200000, 0x00000000f8200000, 0x0000000100000000)
  eden space 135680K, 99% used [0x00000000eb200000,0x00000000f3675c20,0x00000000f3680000)
  from space 14848K, 0% used [0x00000000f3680000,0x00000000f3680000,0x00000000f4500000)
  to   space 14848K, 0% used [0x00000000f7380000,0x00000000f7380000,0x00000000f8200000)
 ParOldGen       total 56832K, used 18666K [0x00000000c1600000, 0x00000000c4d80000, 0x00000000eb200000)
  object space 56832K, 32% used [0x00000000c1600000,0x00000000c283a828,0x00000000c4d80000)
 Metaspace       used 38771K, capacity 40486K, committed 40704K, reserved 1085440K
  class space    used 5194K, capacity 5523K, committed 5632K, reserved 1048576K
Event: 11.841 GC heap after
Heap after GC invocations=14 (full 2):
 PSYoungGen      total 197632K, used 10097K [0x00000000eb200000, 0x00000000f8380000, 0x0000000100000000)
  eden space 182784K, 0% used [0x00000000eb200000,0x00000000eb200000,0x00000000f6480000)
  from space 14848K, 68% used [0x00000000f7380000,0x00000000f7d5c478,0x00000000f8200000)
  to   space 15360K, 0% used [0x00000000f6480000,0x00000000f6480000,0x00000000f7380000)
 ParOldGen       total 56832K, used 18674K [0x00000000c1600000, 0x00000000c4d80000, 0x00000000eb200000)
  object space 56832K, 32% used [0x00000000c1600000,0x00000000c283c828,0x00000000c4d80000)
 Metaspace       used 38771K, capacity 40486K, committed 40704K, reserved 1085440K
  class space    used 5194K, capacity 5523K, committed 5632K, reserved 1048576K
}
Event: 13.598 GC heap before
{Heap before GC invocations=15 (full 2):
 PSYoungGen      total 197632K, used 192881K [0x00000000eb200000, 0x00000000f8380000, 0x0000000100000000)
  eden space 182784K, 100% used [0x00000000eb200000,0x00000000f6480000,0x00000000f6480000)
  from space 14848K, 68% used [0x00000000f7380000,0x00000000f7d5c478,0x00000000f8200000)
  to   space 15360K, 0% used [0x00000000f6480000,0x00000000f6480000,0x00000000f7380000)
 ParOldGen       total 56832K, used 18674K [0x00000000c1600000, 0x00000000c4d80000, 0x00000000eb200000)
  object space 56832K, 32% used [0x00000000c1600000,0x00000000c283c828,0x00000000c4d80000)
 Metaspace       used 44557K, capacity 46518K, committed 46592K, reserved 1089536K
  class space    used 5976K, capacity 6349K, committed 6400K, reserved 1048576K
Event: 13.623 GC heap after
Heap after GC invocations=15 (full 2):
 PSYoungGen      total 198144K, used 9368K [0x00000000eb200000, 0x00000000fbf80000, 0x0000000100000000)
  eden space 182784K, 0% used [0x00000000eb200000,0x00000000eb200000,0x00000000f6480000)
  from space 15360K, 60% used [0x00000000f6480000,0x00000000f6da61d0,0x00000000f7380000)
  to   space 15360K, 0% used [0x00000000fb080000,0x00000000fb080000,0x00000000fbf80000)
 ParOldGen       total 56832K, used 25973K [0x00000000c1600000, 0x00000000c4d80000, 0x00000000eb200000)
  object space 56832K, 45% used [0x00000000c1600000,0x00000000c2f5d5a0,0x00000000c4d80000)
 Metaspace       used 44557K, capacity 46518K, committed 46592K, reserved 1089536K
  class space    used 5976K, capacity 6349K, committed 6400K, reserved 1048576K
}
Event: 15.611 GC heap before
{Heap before GC invocations=16 (full 2):
 PSYoungGen      total 198144K, used 189235K [0x00000000eb200000, 0x00000000fbf80000, 0x0000000100000000)
  eden space 182784K, 98% used [0x00000000eb200000,0x00000000f61a6cf0,0x00000000f6480000)
  from space 15360K, 60% used [0x00000000f6480000,0x00000000f6da61d0,0x00000000f7380000)
  to   space 15360K, 0% used [0x00000000fb080000,0x00000000fb080000,0x00000000fbf80000)
 ParOldGen       total 56832K, used 25973K [0x00000000c1600000, 0x00000000c4d80000, 0x00000000eb200000)
  object space 56832K, 45% used [0x00000000c1600000,0x00000000c2f5d5a0,0x00000000c4d80000)
 Metaspace       used 56862K, capacity 59054K, committed 59136K, reserved 1099776K
  class space    used 7799K, capacity 8189K, committed 8192K, reserved 1048576K
Event: 15.634 GC heap after
Heap after GC invocations=16 (full 2):
 PSYoungGen      total 257536K, used 13506K [0x00000000eb200000, 0x00000000fbf80000, 0x0000000100000000)
  eden space 242176K, 0% used [0x00000000eb200000,0x00000000eb200000,0x00000000f9e80000)
  from space 15360K, 87% used [0x00000000fb080000,0x00000000fbdb09c0,0x00000000fbf80000)
  to   space 16896K, 0% used [0x00000000f9e80000,0x00000000f9e80000,0x00000000faf00000)
 ParOldGen       total 56832K, used 31281K [0x00000000c1600000, 0x00000000c4d80000, 0x00000000eb200000)
  object space 56832K, 55% used [0x00000000c1600000,0x00000000c348c6b8,0x00000000c4d80000)
 Metaspace       used 56862K, capacity 59054K, committed 59136K, reserved 1099776K
  class space    used 7799K, capacity 8189K, committed 8192K, reserved 1048576K
}
Event: 15.634 GC heap before
{Heap before GC invocations=17 (full 3):
 PSYoungGen      total 257536K, used 13506K [0x00000000eb200000, 0x00000000fbf80000, 0x0000000100000000)
  eden space 242176K, 0% used [0x00000000eb200000,0x00000000eb200000,0x00000000f9e80000)
  from space 15360K, 87% used [0x00000000fb080000,0x00000000fbdb09c0,0x00000000fbf80000)
  to   space 16896K, 0% used [0x00000000f9e80000,0x00000000f9e80000,0x00000000faf00000)
 ParOldGen       total 56832K, used 31281K [0x00000000c1600000, 0x00000000c4d80000, 0x00000000eb200000)
  object space 56832K, 55% used [0x00000000c1600000,0x00000000c348c6b8,0x00000000c4d80000)
 Metaspace       used 56862K, capacity 59054K, committed 59136K, reserved 1099776K
  class space    used 7799K, capacity 8189K, committed 8192K, reserved 1048576K
Event: 15.947 GC heap after
Heap after GC invocations=17 (full 3):
 PSYoungGen      total 257536K, used 0K [0x00000000eb200000, 0x00000000fbf80000, 0x0000000100000000)
  eden space 242176K, 0% used [0x00000000eb200000,0x00000000eb200000,0x00000000f9e80000)
  from space 15360K, 0% used [0x00000000fb080000,0x00000000fb080000,0x00000000fbf80000)
  to   space 16896K, 0% used [0x00000000f9e80000,0x00000000f9e80000,0x00000000faf00000)
 ParOldGen       total 93696K, used 42488K [0x00000000c1600000, 0x00000000c7180000, 0x00000000eb200000)
  object space 93696K, 45% used [0x00000000c1600000,0x00000000c3f7e3d8,0x00000000c7180000)
 Metaspace       used 56862K, capacity 59054K, committed 59136K, reserved 1099776K
  class space    used 7799K, capacity 8189K, committed 8192K, reserved 1048576K
}

