# JRE version: Java(TM) SE Runtime Environment (8.0_181-b13) (build 1.8.0_181-b13)
# Java VM: Java HotSpot(TM) 64-Bit Server VM (25.181-b13 mixed mode windows-amd64 compressed oops)
Heap:
 PSYoungGen      total 243712K, used 134708K [0x00000000eb200000, 0x00000000fb780000, 0x0000000100000000)
  eden space 228352K, 58% used [0x00000000eb200000,0x00000000f358d028,0x00000000f9100000)
  from space 15360K, 0% used [0x00000000fa380000,0x00000000fa380000,0x00000000fb280000)
  to   space 18944K, 0% used [0x00000000f9100000,0x00000000f9100000,0x00000000fa380000)
 ParOldGen       total 58368K, used 42488K [0x00000000c1600000, 0x00000000c4f00000, 0x00000000eb200000)
  object space 58368K, 72% used [0x00000000c1600000,0x00000000c3f7e228,0x00000000c4f00000)
 Metaspace       used 62670K, capacity 64988K, committed 65304K, reserved 1105920K
  class space    used 8739K, capacity 9174K, committed 9264K, reserved 1048576K
GC Heap History (10 events):
Event: 6.970 GC heap before
{Heap before GC invocations=13 (full 2):
 PSYoungGen      total 152064K, used 3056K [0x00000000eb200000, 0x00000000f8200000, 0x0000000100000000)
  eden space 137216K, 0% used [0x00000000eb200000,0x00000000eb200000,0x00000000f3800000)
  from space 14848K, 20% used [0x00000000f3800000,0x00000000f3afc020,0x00000000f4680000)
  to   space 14848K, 0% used [0x00000000f7380000,0x00000000f7380000,0x00000000f8200000)
 ParOldGen       total 31744K, used 23992K [0x00000000c1600000, 0x00000000c3500000, 0x00000000eb200000)
  object space 31744K, 75% used [0x00000000c1600000,0x00000000c2d6e3b0,0x00000000c3500000)
 Metaspace       used 34108K, capacity 35362K, committed 35496K, reserved 1079296K
  class space    used 4581K, capacity 4849K, committed 4912K, reserved 1048576K
Event: 7.067 GC heap after
Heap after GC invocations=13 (full 2):
 PSYoungGen      total 152064K, used 0K [0x00000000eb200000, 0x00000000f8200000, 0x0000000100000000)
  eden space 137216K, 0% used [0x00000000eb200000,0x00000000eb200000,0x00000000f3800000)
  from space 14848K, 0% used [0x00000000f3800000,0x00000000f3800000,0x00000000f4680000)
  to   space 14848K, 0% used [0x00000000f7380000,0x00000000f7380000,0x00000000f8200000)
 ParOldGen       total 58368K, used 18567K [0x00000000c1600000, 0x00000000c4f00000, 0x00000000eb200000)
  object space 58368K, 31% used [0x00000000c1600000,0x00000000c2821e38,0x00000000c4f00000)
 Metaspace       used 34108K, capacity 35362K, committed 35496K, reserved 1079296K
  class space    used 4581K, capacity 4849K, committed 4912K, reserved 1048576K
}
Event: 9.687 GC heap before
{Heap before GC invocations=14 (full 2):
 PSYoungGen      total 152064K, used 137200K [0x00000000eb200000, 0x00000000f8200000, 0x0000000100000000)
  eden space 137216K, 99% used [0x00000000eb200000,0x00000000f37fc328,0x00000000f3800000)
  from space 14848K, 0% used [0x00000000f3800000,0x00000000f3800000,0x00000000f4680000)
  to   space 14848K, 0% used [0x00000000f7380000,0x00000000f7380000,0x00000000f8200000)
 ParOldGen       total 58368K, used 18567K [0x00000000c1600000, 0x00000000c4f00000, 0x00000000eb200000)
  object space 58368K, 31% used [0x00000000c1600000,0x00000000c2821e38,0x00000000c4f00000)
 Metaspace       used 38761K, capacity 40494K, committed 40624K, reserved 1085440K
  class space    used 5194K, capacity 5523K, committed 5552K, reserved 1048576K
Event: 9.700 GC heap after
Heap after GC invocations=14 (full 2):
 PSYoungGen      total 193024K, used 10174K [0x00000000eb200000, 0x00000000f8000000, 0x0000000100000000)
  eden space 180224K, 0% used [0x00000000eb200000,0x00000000eb200000,0x00000000f6200000)
  from space 12800K, 79% used [0x00000000f7380000,0x00000000f7d6f898,0x00000000f8000000)
  to   space 15360K, 0% used [0x00000000f6200000,0x00000000f6200000,0x00000000f7100000)
 ParOldGen       total 58368K, used 18575K [0x00000000c1600000, 0x00000000c4f00000, 0x00000000eb200000)
  object space 58368K, 31% used [0x00000000c1600000,0x00000000c2823e38,0x00000000c4f00000)
 Metaspace       used 38761K, capacity 40494K, committed 40624K, reserved 1085440K
  class space    used 5194K, capacity 5523K, committed 5552K, reserved 1048576K
}
Event: 12.344 GC heap before
{Heap before GC invocations=15 (full 2):
 PSYoungGen      total 193024K, used 190398K [0x00000000eb200000, 0x00000000f8000000, 0x0000000100000000)
  eden space 180224K, 100% used [0x00000000eb200000,0x00000000f6200000,0x00000000f6200000)
  from space 12800K, 79% used [0x00000000f7380000,0x00000000f7d6f898,0x00000000f8000000)
  to   space 15360K, 0% used [0x00000000f6200000,0x00000000f6200000,0x00000000f7100000)
 ParOldGen       total 58368K, used 18575K [0x00000000c1600000, 0x00000000c4f00000, 0x00000000eb200000)
  object space 58368K, 31% used [0x00000000c1600000,0x00000000c2823e38,0x00000000c4f00000)
 Metaspace       used 44534K, capacity 46526K, committed 46640K, reserved 1089536K
  class space    used 5973K, capacity 6349K, committed 6448K, reserved 1048576K
Event: 12.366 GC heap after
Heap after GC invocations=15 (full 2):
 PSYoungGen      total 195584K, used 9332K [0x00000000eb200000, 0x00000000fb280000, 0x0000000100000000)
  eden space 180224K, 0% used [0x00000000eb200000,0x00000000eb200000,0x00000000f6200000)
  from space 15360K, 60% used [0x00000000f6200000,0x00000000f6b1d3d8,0x00000000f7100000)
  to   space 15360K, 0% used [0x00000000fa380000,0x00000000fa380000,0x00000000fb280000)
 ParOldGen       total 58368K, used 25910K [0x00000000c1600000, 0x00000000c4f00000, 0x00000000eb200000)
  object space 58368K, 44% used [0x00000000c1600000,0x00000000c2f4dbb0,0x00000000c4f00000)
 Metaspace       used 44534K, capacity 46526K, committed 46640K, reserved 1089536K
  class space    used 5973K, capacity 6349K, committed 6448K, reserved 1048576K
}
Event: 14.812 GC heap before
{Heap before GC invocations=16 (full 2):
 PSYoungGen      total 195584K, used 188832K [0x00000000eb200000, 0x00000000fb280000, 0x0000000100000000)
  eden space 180224K, 99% used [0x00000000eb200000,0x00000000f614ad38,0x00000000f6200000)
  from space 15360K, 60% used [0x00000000f6200000,0x00000000f6b1d3d8,0x00000000f7100000)
  to   space 15360K, 0% used [0x00000000fa380000,0x00000000fa380000,0x00000000fb280000)
 ParOldGen       total 58368K, used 25910K [0x00000000c1600000, 0x00000000c4f00000, 0x00000000eb200000)
  object space 58368K, 44% used [0x00000000c1600000,0x00000000c2f4dbb0,0x00000000c4f00000)
 Metaspace       used 56838K, capacity 58990K, committed 59160K, reserved 1099776K
  class space    used 7798K, capacity 8187K, committed 8240K, reserved 1048576K
Event: 14.841 GC heap after
Heap after GC invocations=16 (full 2):
 PSYoungGen      total 243712K, used 15343K [0x00000000eb200000, 0x00000000fb780000, 0x0000000100000000)
  eden space 228352K, 0% used [0x00000000eb200000,0x00000000eb200000,0x00000000f9100000)
  from space 15360K, 99% used [0x00000000fa380000,0x00000000fb27bfc8,0x00000000fb280000)
  to   space 18944K, 0% used [0x00000000f9100000,0x00000000f9100000,0x00000000fa380000)
 ParOldGen       total 58368K, used 29261K [0x00000000c1600000, 0x00000000c4f00000, 0x00000000eb200000)
  object space 58368K, 50% used [0x00000000c1600000,0x00000000c3293420,0x00000000c4f00000)
 Metaspace       used 56838K, capacity 58990K, committed 59160K, reserved 1099776K
  class space    used 7798K, capacity 8187K, committed 8240K, reserved 1048576K
}
Event: 14.841 GC heap before
{Heap before GC invocations=17 (full 3):
 PSYoungGen      total 243712K, used 15343K [0x00000000eb200000, 0x00000000fb780000, 0x0000000100000000)
  eden space 228352K, 0% used [0x00000000eb200000,0x00000000eb200000,0x00000000f9100000)
  from space 15360K, 99% used [0x00000000fa380000,0x00000000fb27bfc8,0x00000000fb280000)
  to   space 18944K, 0% used [0x00000000f9100000,0x00000000f9100000,0x00000000fa380000)
 ParOldGen       total 58368K, used 29261K [0x00000000c1600000, 0x00000000c4f00000, 0x00000000eb200000)
  object space 58368K, 50% used [0x00000000c1600000,0x00000000c3293420,0x00000000c4f00000)
 Metaspace       used 56838K, capacity 58990K, committed 59160K, reserved 1099776K
  class space    used 7798K, capacity 8187K, committed 8240K, reserved 1048576K
Event: 15.137 GC heap after
Heap after GC invocations=17 (full 3):
 PSYoungGen      total 243712K, used 0K [0x00000000eb200000, 0x00000000fb780000, 0x0000000100000000)
  eden space 228352K, 0% used [0x00000000eb200000,0x00000000eb200000,0x00000000f9100000)
  from space 15360K, 0% used [0x00000000fa380000,0x00000000fa380000,0x00000000fb280000)
  to   space 18944K, 0% used [0x00000000f9100000,0x00000000f9100000,0x00000000fa380000)
 ParOldGen       total 58368K, used 42488K [0x00000000c1600000, 0x00000000c4f00000, 0x00000000eb200000)
  object space 58368K, 72% used [0x00000000c1600000,0x00000000c3f7e228,0x00000000c4f00000)
 Metaspace       used 56838K, capacity 58990K, committed 59160K, reserved 1099776K
  class space    used 7798K, capacity 8187K, committed 8240K, reserved 1048576K
}

