# JRE version: Java(TM) SE Runtime Environment (8.0_181-b13) (build 1.8.0_181-b13)
# Java VM: Java HotSpot(TM) 64-Bit Server VM (25.181-b13 mixed mode windows-amd64 compressed oops)
Heap:
 PSYoungGen      total 316928K, used 81603K [0x00000000eb200000, 0x0000000100000000, 0x0000000100000000)
  eden space 294400K, 24% used [0x00000000eb200000,0x00000000ef75d910,0x00000000fd180000)
  from space 22528K, 46% used [0x00000000fe700000,0x00000000ff1536e0,0x00000000ffd00000)
  to   space 22016K, 0% used [0x00000000fd180000,0x00000000fd180000,0x00000000fe700000)
 ParOldGen       total 91648K, used 52000K [0x00000000c1600000, 0x00000000c6f80000, 0x00000000eb200000)
  object space 91648K, 56% used [0x00000000c1600000,0x00000000c48c8090,0x00000000c6f80000)
 Metaspace       used 79089K, capacity 82694K, committed 82840K, reserved 1120256K
  class space    used 11091K, capacity 11691K, committed 11696K, reserved 1048576K
GC Heap History (10 events):
Event: 10.113 GC heap before
{Heap before GC invocations=17 (full 2):
 PSYoungGen      total 224256K, used 53739K [0x00000000eb200000, 0x00000000fa100000, 0x0000000100000000)
  eden space 209408K, 18% used [0x00000000eb200000,0x00000000ed7ffc30,0x00000000f7e80000)
  from space 14848K, 99% used [0x00000000f8f80000,0x00000000f9dfb2d8,0x00000000f9e00000)
  to   space 17408K, 0% used [0x00000000f7e80000,0x00000000f7e80000,0x00000000f8f80000)
 ParOldGen       total 60928K, used 27658K [0x00000000c1600000, 0x00000000c5180000, 0x00000000eb200000)
  object space 60928K, 45% used [0x00000000c1600000,0x00000000c3102b60,0x00000000c5180000)
 Metaspace       used 56802K, capacity 58994K, committed 59160K, reserved 1099776K
  class space    used 7789K, capacity 8187K, committed 8240K, reserved 1048576K
Event: 10.128 GC heap after
Heap after GC invocations=17 (full 2):
 PSYoungGen      total 226816K, used 2321K [0x00000000eb200000, 0x00000000fe380000, 0x0000000100000000)
  eden space 209408K, 0% used [0x00000000eb200000,0x00000000eb200000,0x00000000f7e80000)
  from space 17408K, 13% used [0x00000000f7e80000,0x00000000f80c47a8,0x00000000f8f80000)
  to   space 17408K, 0% used [0x00000000fd280000,0x00000000fd280000,0x00000000fe380000)
 ParOldGen       total 60928K, used 36303K [0x00000000c1600000, 0x00000000c5180000, 0x00000000eb200000)
  object space 60928K, 59% used [0x00000000c1600000,0x00000000c3973e18,0x00000000c5180000)
 Metaspace       used 56802K, capacity 58994K, committed 59160K, reserved 1099776K
  class space    used 7789K, capacity 8187K, committed 8240K, reserved 1048576K
}
Event: 10.128 GC heap before
{Heap before GC invocations=18 (full 3):
 PSYoungGen      total 226816K, used 2321K [0x00000000eb200000, 0x00000000fe380000, 0x0000000100000000)
  eden space 209408K, 0% used [0x00000000eb200000,0x00000000eb200000,0x00000000f7e80000)
  from space 17408K, 13% used [0x00000000f7e80000,0x00000000f80c47a8,0x00000000f8f80000)
  to   space 17408K, 0% used [0x00000000fd280000,0x00000000fd280000,0x00000000fe380000)
 ParOldGen       total 60928K, used 36303K [0x00000000c1600000, 0x00000000c5180000, 0x00000000eb200000)
  object space 60928K, 59% used [0x00000000c1600000,0x00000000c3973e18,0x00000000c5180000)
 Metaspace       used 56802K, capacity 58994K, committed 59160K, reserved 1099776K
  class space    used 7789K, capacity 8187K, committed 8240K, reserved 1048576K
Event: 10.419 GC heap after
Heap after GC invocations=18 (full 3):
 PSYoungGen      total 226816K, used 0K [0x00000000eb200000, 0x00000000fe380000, 0x0000000100000000)
  eden space 209408K, 0% used [0x00000000eb200000,0x00000000eb200000,0x00000000f7e80000)
  from space 17408K, 0% used [0x00000000f7e80000,0x00000000f7e80000,0x00000000f8f80000)
  to   space 17408K, 0% used [0x00000000fd280000,0x00000000fd280000,0x00000000fe380000)
 ParOldGen       total 91648K, used 35137K [0x00000000c1600000, 0x00000000c6f80000, 0x00000000eb200000)
  object space 91648K, 38% used [0x00000000c1600000,0x00000000c3850620,0x00000000c6f80000)
 Metaspace       used 56802K, capacity 58994K, committed 59160K, reserved 1099776K
  class space    used 7789K, capacity 8187K, committed 8240K, reserved 1048576K
}
Event: 12.284 GC heap before
{Heap before GC invocations=19 (full 3):
 PSYoungGen      total 226816K, used 209408K [0x00000000eb200000, 0x00000000fe380000, 0x0000000100000000)
  eden space 209408K, 100% used [0x00000000eb200000,0x00000000f7e80000,0x00000000f7e80000)
  from space 17408K, 0% used [0x00000000f7e80000,0x00000000f7e80000,0x00000000f8f80000)
  to   space 17408K, 0% used [0x00000000fd280000,0x00000000fd280000,0x00000000fe380000)
 ParOldGen       total 91648K, used 35137K [0x00000000c1600000, 0x00000000c6f80000, 0x00000000eb200000)
  object space 91648K, 38% used [0x00000000c1600000,0x00000000c3850620,0x00000000c6f80000)
 Metaspace       used 66899K, capacity 69694K, committed 69912K, reserved 1110016K
  class space    used 9297K, capacity 9771K, committed 9776K, reserved 1048576K
Event: 12.301 GC heap after
Heap after GC invocations=19 (full 3):
 PSYoungGen      total 271360K, used 13945K [0x00000000eb200000, 0x00000000fe080000, 0x0000000100000000)
  eden space 257024K, 0% used [0x00000000eb200000,0x00000000eb200000,0x00000000fad00000)
  from space 14336K, 97% used [0x00000000fd280000,0x00000000fe01e7f0,0x00000000fe080000)
  to   space 18944K, 0% used [0x00000000fbb80000,0x00000000fbb80000,0x00000000fce00000)
 ParOldGen       total 91648K, used 35145K [0x00000000c1600000, 0x00000000c6f80000, 0x00000000eb200000)
  object space 91648K, 38% used [0x00000000c1600000,0x00000000c3852620,0x00000000c6f80000)
 Metaspace       used 66899K, capacity 69694K, committed 69912K, reserved 1110016K
  class space    used 9297K, capacity 9771K, committed 9776K, reserved 1048576K
}
Event: 14.528 GC heap before
{Heap before GC invocations=20 (full 3):
 PSYoungGen      total 271360K, used 270969K [0x00000000eb200000, 0x00000000fe080000, 0x0000000100000000)
  eden space 257024K, 100% used [0x00000000eb200000,0x00000000fad00000,0x00000000fad00000)
  from space 14336K, 97% used [0x00000000fd280000,0x00000000fe01e7f0,0x00000000fe080000)
  to   space 18944K, 0% used [0x00000000fbb80000,0x00000000fbb80000,0x00000000fce00000)
 ParOldGen       total 91648K, used 35145K [0x00000000c1600000, 0x00000000c6f80000, 0x00000000eb200000)
  object space 91648K, 38% used [0x00000000c1600000,0x00000000c3852620,0x00000000c6f80000)
 Metaspace       used 73209K, capacity 76432K, committed 76696K, reserved 1116160K
  class space    used 10298K, capacity 10852K, committed 10928K, reserved 1048576K
Event: 14.560 GC heap after
Heap after GC invocations=20 (full 3):
 PSYoungGen      total 290816K, used 18940K [0x00000000eb200000, 0x00000000ffd00000, 0x0000000100000000)
  eden space 271872K, 0% used [0x00000000eb200000,0x00000000eb200000,0x00000000fbb80000)
  from space 18944K, 99% used [0x00000000fbb80000,0x00000000fcdff1d0,0x00000000fce00000)
  to   space 22528K, 0% used [0x00000000fe700000,0x00000000fe700000,0x00000000ffd00000)
 ParOldGen       total 91648K, used 37333K [0x00000000c1600000, 0x00000000c6f80000, 0x00000000eb200000)
  object space 91648K, 40% used [0x00000000c1600000,0x00000000c3a75560,0x00000000c6f80000)
 Metaspace       used 73209K, capacity 76432K, committed 76696K, reserved 1116160K
  class space    used 10298K, capacity 10852K, committed 10928K, reserved 1048576K
}
Event: 16.324 GC heap before
{Heap before GC invocations=21 (full 3):
 PSYoungGen      total 290816K, used 290812K [0x00000000eb200000, 0x00000000ffd00000, 0x0000000100000000)
  eden space 271872K, 100% used [0x00000000eb200000,0x00000000fbb80000,0x00000000fbb80000)
  from space 18944K, 99% used [0x00000000fbb80000,0x00000000fcdff1d0,0x00000000fce00000)
  to   space 22528K, 0% used [0x00000000fe700000,0x00000000fe700000,0x00000000ffd00000)
 ParOldGen       total 91648K, used 37333K [0x00000000c1600000, 0x00000000c6f80000, 0x00000000eb200000)
  object space 91648K, 40% used [0x00000000c1600000,0x00000000c3a75560,0x00000000c6f80000)
 Metaspace       used 76416K, capacity 79902K, committed 80024K, reserved 1118208K
  class space    used 10761K, capacity 11363K, committed 11440K, reserved 1048576K
Event: 16.368 GC heap after
Heap after GC invocations=21 (full 3):
 PSYoungGen      total 316928K, used 10573K [0x00000000eb200000, 0x0000000100000000, 0x0000000100000000)
  eden space 294400K, 0% used [0x00000000eb200000,0x00000000eb200000,0x00000000fd180000)
  from space 22528K, 46% used [0x00000000fe700000,0x00000000ff1536e0,0x00000000ffd00000)
  to   space 22016K, 0% used [0x00000000fd180000,0x00000000fd180000,0x00000000fe700000)
 ParOldGen       total 91648K, used 52000K [0x00000000c1600000, 0x00000000c6f80000, 0x00000000eb200000)
  object space 91648K, 56% used [0x00000000c1600000,0x00000000c48c8090,0x00000000c6f80000)
 Metaspace       used 76416K, capacity 79902K, committed 80024K, reserved 1118208K
  class space    used 10761K, capacity 11363K, committed 11440K, reserved 1048576K
}

