# JRE version: Java(TM) SE Runtime Environment (8.0_181-b13) (build 1.8.0_181-b13)
# Java VM: Java HotSpot(TM) 64-Bit Server VM (25.181-b13 mixed mode windows-amd64 compressed oops)
Heap:
 PSYoungGen      total 145408K, used 17219K [0x00000000eb200000, 0x00000000f7680000, 0x0000000100000000)
  eden space 130560K, 13% used [0x00000000eb200000,0x00000000ec2d0f58,0x00000000f3180000)
  from space 14848K, 0% used [0x00000000f3180000,0x00000000f3180000,0x00000000f4000000)
  to   space 14848K, 0% used [0x00000000f6800000,0x00000000f6800000,0x00000000f7680000)
 ParOldGen       total 32768K, used 18554K [0x00000000c1600000, 0x00000000c3600000, 0x00000000eb200000)
  object space 32768K, 56% used [0x00000000c1600000,0x00000000c281e908,0x00000000c3600000)
 Metaspace       used 34618K, capacity 35942K, committed 36272K, reserved 1081344K
  class space    used 4669K, capacity 4927K, committed 5040K, reserved 1048576K
GC Heap History (10 events):
Event: 3.707 GC heap before
{Heap before GC invocations=9 (full 1):
 PSYoungGen      total 72192K, used 64512K [0x00000000eb200000, 0x00000000f3f00000, 0x0000000100000000)
  eden space 64512K, 100% used [0x00000000eb200000,0x00000000ef100000,0x00000000ef100000)
  from space 7680K, 0% used [0x00000000ef100000,0x00000000ef100000,0x00000000ef880000)
  to   space 7680K, 0% used [0x00000000f3780000,0x00000000f3780000,0x00000000f3f00000)
 ParOldGen       total 32768K, used 5888K [0x00000000c1600000, 0x00000000c3600000, 0x00000000eb200000)
  object space 32768K, 17% used [0x00000000c1600000,0x00000000c1bc0198,0x00000000c3600000)
 Metaspace       used 24718K, capacity 25510K, committed 25776K, reserved 1071104K
  class space    used 3240K, capacity 3453K, committed 3504K, reserved 1048576K
Event: 3.731 GC heap after
Heap after GC invocations=9 (full 1):
 PSYoungGen      total 108544K, used 6975K [0x00000000eb200000, 0x00000000f3e80000, 0x0000000100000000)
  eden space 101376K, 0% used [0x00000000eb200000,0x00000000eb200000,0x00000000f1500000)
  from space 7168K, 97% used [0x00000000f3780000,0x00000000f3e4fe40,0x00000000f3e80000)
  to   space 8704K, 0% used [0x00000000f2d80000,0x00000000f2d80000,0x00000000f3600000)
 ParOldGen       total 32768K, used 5896K [0x00000000c1600000, 0x00000000c3600000, 0x00000000eb200000)
  object space 32768K, 17% used [0x00000000c1600000,0x00000000c1bc2198,0x00000000c3600000)
 Metaspace       used 24718K, capacity 25510K, committed 25776K, reserved 1071104K
  class space    used 3240K, capacity 3453K, committed 3504K, reserved 1048576K
}
Event: 4.725 GC heap before
{Heap before GC invocations=10 (full 1):
 PSYoungGen      total 108544K, used 108351K [0x00000000eb200000, 0x00000000f3e80000, 0x0000000100000000)
  eden space 101376K, 100% used [0x00000000eb200000,0x00000000f1500000,0x00000000f1500000)
  from space 7168K, 97% used [0x00000000f3780000,0x00000000f3e4fe40,0x00000000f3e80000)
  to   space 8704K, 0% used [0x00000000f2d80000,0x00000000f2d80000,0x00000000f3600000)
 ParOldGen       total 32768K, used 5896K [0x00000000c1600000, 0x00000000c3600000, 0x00000000eb200000)
  object space 32768K, 17% used [0x00000000c1600000,0x00000000c1bc2198,0x00000000c3600000)
 Metaspace       used 27112K, capacity 28028K, committed 28080K, reserved 1073152K
  class space    used 3533K, capacity 3748K, committed 3760K, reserved 1048576K
Event: 4.748 GC heap after
Heap after GC invocations=10 (full 1):
 PSYoungGen      total 135168K, used 8677K [0x00000000eb200000, 0x00000000f4a00000, 0x0000000100000000)
  eden space 126464K, 0% used [0x00000000eb200000,0x00000000eb200000,0x00000000f2d80000)
  from space 8704K, 99% used [0x00000000f2d80000,0x00000000f35f9500,0x00000000f3600000)
  to   space 10240K, 0% used [0x00000000f4000000,0x00000000f4000000,0x00000000f4a00000)
 ParOldGen       total 32768K, used 7231K [0x00000000c1600000, 0x00000000c3600000, 0x00000000eb200000)
  object space 32768K, 22% used [0x00000000c1600000,0x00000000c1d0fdf8,0x00000000c3600000)
 Metaspace       used 27112K, capacity 28028K, committed 28080K, reserved 1073152K
  class space    used 3533K, capacity 3748K, committed 3760K, reserved 1048576K
}
Event: 6.792 GC heap before
{Heap before GC invocations=11 (full 1):
 PSYoungGen      total 135168K, used 135141K [0x00000000eb200000, 0x00000000f4a00000, 0x0000000100000000)
  eden space 126464K, 100% used [0x00000000eb200000,0x00000000f2d80000,0x00000000f2d80000)
  from space 8704K, 99% used [0x00000000f2d80000,0x00000000f35f9500,0x00000000f3600000)
  to   space 10240K, 0% used [0x00000000f4000000,0x00000000f4000000,0x00000000f4a00000)
 ParOldGen       total 32768K, used 7231K [0x00000000c1600000, 0x00000000c3600000, 0x00000000eb200000)
  object space 32768K, 22% used [0x00000000c1600000,0x00000000c1d0fdf8,0x00000000c3600000)
 Metaspace       used 31955K, capacity 33212K, committed 33328K, reserved 1077248K
  class space    used 4344K, capacity 4588K, committed 4656K, reserved 1048576K
Event: 6.819 GC heap after
Heap after GC invocations=11 (full 1):
 PSYoungGen      total 140800K, used 10238K [0x00000000eb200000, 0x00000000f7180000, 0x0000000100000000)
  eden space 130560K, 0% used [0x00000000eb200000,0x00000000eb200000,0x00000000f3180000)
  from space 10240K, 99% used [0x00000000f4000000,0x00000000f49ff8f8,0x00000000f4a00000)
  to   space 14848K, 0% used [0x00000000f3180000,0x00000000f3180000,0x00000000f4000000)
 ParOldGen       total 32768K, used 16011K [0x00000000c1600000, 0x00000000c3600000, 0x00000000eb200000)
  object space 32768K, 48% used [0x00000000c1600000,0x00000000c25a2cb0,0x00000000c3600000)
 Metaspace       used 31955K, capacity 33212K, committed 33328K, reserved 1077248K
  class space    used 4344K, capacity 4588K, committed 4656K, reserved 1048576K
}
Event: 7.448 GC heap before
{Heap before GC invocations=12 (full 1):
 PSYoungGen      total 140800K, used 49825K [0x00000000eb200000, 0x00000000f7180000, 0x0000000100000000)
  eden space 130560K, 30% used [0x00000000eb200000,0x00000000ed8a8c90,0x00000000f3180000)
  from space 10240K, 99% used [0x00000000f4000000,0x00000000f49ff8f8,0x00000000f4a00000)
  to   space 14848K, 0% used [0x00000000f3180000,0x00000000f3180000,0x00000000f4000000)
 ParOldGen       total 32768K, used 16011K [0x00000000c1600000, 0x00000000c3600000, 0x00000000eb200000)
  object space 32768K, 48% used [0x00000000c1600000,0x00000000c25a2cb0,0x00000000c3600000)
 Metaspace       used 34108K, capacity 35358K, committed 35496K, reserved 1079296K
  class space    used 4582K, capacity 4849K, committed 4912K, reserved 1048576K
Event: 7.465 GC heap after
Heap after GC invocations=12 (full 1):
 PSYoungGen      total 145408K, used 3088K [0x00000000eb200000, 0x00000000f7680000, 0x0000000100000000)
  eden space 130560K, 0% used [0x00000000eb200000,0x00000000eb200000,0x00000000f3180000)
  from space 14848K, 20% used [0x00000000f3180000,0x00000000f3484020,0x00000000f4000000)
  to   space 14848K, 0% used [0x00000000f6800000,0x00000000f6800000,0x00000000f7680000)
 ParOldGen       total 32768K, used 23900K [0x00000000c1600000, 0x00000000c3600000, 0x00000000eb200000)
  object space 32768K, 72% used [0x00000000c1600000,0x00000000c2d573d8,0x00000000c3600000)
 Metaspace       used 34108K, capacity 35358K, committed 35496K, reserved 1079296K
  class space    used 4582K, capacity 4849K, committed 4912K, reserved 1048576K
}
Event: 7.466 GC heap before
{Heap before GC invocations=13 (full 2):
 PSYoungGen      total 145408K, used 3088K [0x00000000eb200000, 0x00000000f7680000, 0x0000000100000000)
  eden space 130560K, 0% used [0x00000000eb200000,0x00000000eb200000,0x00000000f3180000)
  from space 14848K, 20% used [0x00000000f3180000,0x00000000f3484020,0x00000000f4000000)
  to   space 14848K, 0% used [0x00000000f6800000,0x00000000f6800000,0x00000000f7680000)
 ParOldGen       total 32768K, used 23900K [0x00000000c1600000, 0x00000000c3600000, 0x00000000eb200000)
  object space 32768K, 72% used [0x00000000c1600000,0x00000000c2d573d8,0x00000000c3600000)
 Metaspace       used 34108K, capacity 35358K, committed 35496K, reserved 1079296K
  class space    used 4582K, capacity 4849K, committed 4912K, reserved 1048576K
Event: 7.570 GC heap after
Heap after GC invocations=13 (full 2):
 PSYoungGen      total 145408K, used 0K [0x00000000eb200000, 0x00000000f7680000, 0x0000000100000000)
  eden space 130560K, 0% used [0x00000000eb200000,0x00000000eb200000,0x00000000f3180000)
  from space 14848K, 0% used [0x00000000f3180000,0x00000000f3180000,0x00000000f4000000)
  to   space 14848K, 0% used [0x00000000f6800000,0x00000000f6800000,0x00000000f7680000)
 ParOldGen       total 32768K, used 18554K [0x00000000c1600000, 0x00000000c3600000, 0x00000000eb200000)
  object space 32768K, 56% used [0x00000000c1600000,0x00000000c281e908,0x00000000c3600000)
 Metaspace       used 34108K, capacity 35358K, committed 35496K, reserved 1079296K
  class space    used 4582K, capacity 4849K, committed 4912K, reserved 1048576K
}

